{
  "stats": {
    "suites": 11,
    "tests": 22,
    "passes": 10,
    "pending": 0,
    "failures": 12,
    "start": "2021-08-28T21:29:00.612Z",
    "end": "2021-08-28T21:30:56.384Z",
    "duration": 115772,
    "testsRegistered": 22,
    "passPercent": 45.45454545454545,
    "pendingPercent": 0,
    "other": 0,
    "hasOther": false,
    "skipped": 0,
    "hasSkipped": false
  },
  "results": [
    {
      "uuid": "9875f943-3911-44ea-9fee-c2b40d735cab",
      "title": "",
      "fullFile": "cypress/integration/project.spec.js",
      "file": "cypress/integration/project.spec.js",
      "beforeHooks": [],
      "afterHooks": [],
      "tests": [],
      "suites": [
        {
          "uuid": "00a336fa-8a47-43b0-94d4-7cbc0af880e7",
          "title": "1 - Adicione uma cor de fundo específica para a página",
          "fullFile": "",
          "file": "",
          "beforeHooks": [],
          "afterHooks": [],
          "tests": [
            {
              "title": "Possuir cor de fundo: rgb(253, 251, 251)",
              "fullTitle": "1 - Adicione uma cor de fundo específica para a página Possuir cor de fundo: rgb(253, 251, 251)",
              "timedOut": null,
              "duration": 118,
              "state": "passed",
              "speed": "slow",
              "pass": true,
              "fail": false,
              "pending": false,
              "context": null,
              "code": "cy.get('body').should('have.css', 'backgroundColor', 'rgb(253, 251, 251)');",
              "err": {},
              "uuid": "3b41549f-ddb7-4555-a4af-4f2bbd91609e",
              "parentUUID": "00a336fa-8a47-43b0-94d4-7cbc0af880e7",
              "isHook": false,
              "skipped": false
            }
          ],
          "suites": [],
          "passes": [
            "3b41549f-ddb7-4555-a4af-4f2bbd91609e"
          ],
          "failures": [],
          "pending": [],
          "skipped": [],
          "duration": 118,
          "root": false,
          "rootEmpty": false,
          "_timeout": 2000
        },
        {
          "uuid": "ce70859a-49eb-4dcf-8b13-afa408abd657",
          "title": "2 - Adicione uma barra superior com um título",
          "fullFile": "",
          "file": "",
          "beforeHooks": [],
          "afterHooks": [],
          "tests": [
            {
              "title": "A barra deve possuir o ID \"cabecalho\"",
              "fullTitle": "2 - Adicione uma barra superior com um título A barra deve possuir o ID \"cabecalho\"",
              "timedOut": null,
              "duration": 94,
              "state": "passed",
              "speed": "slow",
              "pass": true,
              "fail": false,
              "pending": false,
              "context": null,
              "code": "(0, _ActionBase.shouldExist)('#cabecalho');",
              "err": {},
              "uuid": "fa5c7bce-e143-4185-9bd2-ce9557d2289e",
              "parentUUID": "ce70859a-49eb-4dcf-8b13-afa408abd657",
              "isHook": false,
              "skipped": false
            },
            {
              "title": "A barra superior deve ser fixa no topo da página, com a propriedade top tendo o valor `0`",
              "fullTitle": "2 - Adicione uma barra superior com um título A barra superior deve ser fixa no topo da página, com a propriedade top tendo o valor `0`",
              "timedOut": null,
              "duration": 82,
              "state": "passed",
              "speed": "slow",
              "pass": true,
              "fail": false,
              "pending": false,
              "context": null,
              "code": "cy.get('#cabecalho').should('have.css', 'position', 'fixed').should('have.css', 'top', '0px');",
              "err": {},
              "uuid": "a43d5e24-624b-4961-b085-d7642a769cff",
              "parentUUID": "ce70859a-49eb-4dcf-8b13-afa408abd657",
              "isHook": false,
              "skipped": false
            },
            {
              "title": "O título deve estar dentro da barra e possuir o ID \"titulo\", além de ser uma tag \"h1\"",
              "fullTitle": "2 - Adicione uma barra superior com um título O título deve estar dentro da barra e possuir o ID \"titulo\", além de ser uma tag \"h1\"",
              "timedOut": null,
              "duration": 80,
              "state": "passed",
              "speed": "slow",
              "pass": true,
              "fail": false,
              "pending": false,
              "context": null,
              "code": "(0, _ActionBase.shouldExist)('#cabecalho h1#titulo');",
              "err": {},
              "uuid": "04725f10-ee3d-4f31-8b8d-30aa68a8f196",
              "parentUUID": "ce70859a-49eb-4dcf-8b13-afa408abd657",
              "isHook": false,
              "skipped": false
            }
          ],
          "suites": [],
          "passes": [
            "fa5c7bce-e143-4185-9bd2-ce9557d2289e",
            "a43d5e24-624b-4961-b085-d7642a769cff",
            "04725f10-ee3d-4f31-8b8d-30aa68a8f196"
          ],
          "failures": [],
          "pending": [],
          "skipped": [],
          "duration": 256,
          "root": false,
          "rootEmpty": false,
          "_timeout": 2000
        },
        {
          "uuid": "eaaf5b6e-9097-4040-9341-69c14fd5bb92",
          "title": "3 - Adicione uma foto sua à página",
          "fullFile": "",
          "file": "",
          "beforeHooks": [],
          "afterHooks": [],
          "tests": [
            {
              "title": "A foto deve ser inserida utilizando uma tag img com o ID \"minha_foto\"",
              "fullTitle": "3 - Adicione uma foto sua à página A foto deve ser inserida utilizando uma tag img com o ID \"minha_foto\"",
              "timedOut": null,
              "duration": 99,
              "state": "passed",
              "speed": "slow",
              "pass": true,
              "fail": false,
              "pending": false,
              "context": null,
              "code": "cy.get('img#minha_foto').should('have.attr', 'src');",
              "err": {},
              "uuid": "7fcda021-a7d0-411e-be13-de84af858ef4",
              "parentUUID": "eaaf5b6e-9097-4040-9341-69c14fd5bb92",
              "isHook": false,
              "skipped": false
            }
          ],
          "suites": [],
          "passes": [
            "7fcda021-a7d0-411e-be13-de84af858ef4"
          ],
          "failures": [],
          "pending": [],
          "skipped": [],
          "duration": 99,
          "root": false,
          "rootEmpty": false,
          "_timeout": 2000
        },
        {
          "uuid": "e7050587-9c4d-4c24-bb32-42e6c4911bba",
          "title": "4 - Adicione uma lista de lições aprendidas à página",
          "fullFile": "",
          "file": "",
          "beforeHooks": [],
          "afterHooks": [],
          "tests": [
            {
              "title": "A lista deve ser numerada e possuir o ID \"licoes_aprendidas\"",
              "fullTitle": "4 - Adicione uma lista de lições aprendidas à página A lista deve ser numerada e possuir o ID \"licoes_aprendidas\"",
              "timedOut": null,
              "duration": 10092,
              "state": "failed",
              "speed": null,
              "pass": false,
              "fail": true,
              "pending": false,
              "context": null,
              "code": "(0, _ActionBase.shouldExist)('ol#licoes_aprendidas');",
              "err": {
                "message": "AssertionError: Timed out retrying: Expected to find element: `ol#licoes_aprendidas`, but never found it.",
                "estack": "AssertionError: Timed out retrying: Expected to find element: `ol#licoes_aprendidas`, but never found it.\n    at shouldExist (http://localhost:39741/__cypress/tests?p=cypress/integration/project.spec.js:108:20)\n    at Context.eval (http://localhost:39741/__cypress/tests?p=cypress/integration/project.spec.js:178:33)",
                "diff": null
              },
              "uuid": "5c33f2fd-7138-406d-9028-d4be14e5ad4d",
              "parentUUID": "e7050587-9c4d-4c24-bb32-42e6c4911bba",
              "isHook": false,
              "skipped": false
            },
            {
              "title": "A lista deve possuir 10 itens",
              "fullTitle": "4 - Adicione uma lista de lições aprendidas à página A lista deve possuir 10 itens",
              "timedOut": null,
              "duration": 10078,
              "state": "failed",
              "speed": null,
              "pass": false,
              "fail": true,
              "pending": false,
              "context": null,
              "code": "cy.get('ol#licoes_aprendidas').find('li').should('have.length', 10);",
              "err": {
                "message": "AssertionError: Timed out retrying: Expected to find element: `ol#licoes_aprendidas`, but never found it.",
                "estack": "AssertionError: Timed out retrying: Expected to find element: `ol#licoes_aprendidas`, but never found it.\n    at Context.eval (http://localhost:39741/__cypress/tests?p=cypress/integration/project.spec.js:181:8)",
                "diff": null
              },
              "uuid": "53d19b25-7393-4db1-870e-b3f3f3bb6566",
              "parentUUID": "e7050587-9c4d-4c24-bb32-42e6c4911bba",
              "isHook": false,
              "skipped": false
            }
          ],
          "suites": [],
          "passes": [],
          "failures": [
            "5c33f2fd-7138-406d-9028-d4be14e5ad4d",
            "53d19b25-7393-4db1-870e-b3f3f3bb6566"
          ],
          "pending": [],
          "skipped": [],
          "duration": 20170,
          "root": false,
          "rootEmpty": false,
          "_timeout": 2000
        },
        {
          "uuid": "435cd96f-8b2b-44f8-b70a-ce4d258fa658",
          "title": "5 - Crie uma lista de lições que ainda deseja aprender para a página",
          "fullFile": "",
          "file": "",
          "beforeHooks": [],
          "afterHooks": [],
          "tests": [
            {
              "title": "A lista não deve ser numerada e deve possuir o ID \"licoes_a_aprender\"",
              "fullTitle": "5 - Crie uma lista de lições que ainda deseja aprender para a página A lista não deve ser numerada e deve possuir o ID \"licoes_a_aprender\"",
              "timedOut": null,
              "duration": 10142,
              "state": "failed",
              "speed": null,
              "pass": false,
              "fail": true,
              "pending": false,
              "context": null,
              "code": "(0, _ActionBase.shouldExist)('ul#licoes_a_aprender');",
              "err": {
                "message": "AssertionError: Timed out retrying: Expected to find element: `ul#licoes_a_aprender`, but never found it.",
                "estack": "AssertionError: Timed out retrying: Expected to find element: `ul#licoes_a_aprender`, but never found it.\n    at shouldExist (http://localhost:39741/__cypress/tests?p=cypress/integration/project.spec.js:108:20)\n    at Context.eval (http://localhost:39741/__cypress/tests?p=cypress/integration/project.spec.js:189:33)",
                "diff": null
              },
              "uuid": "e2032271-b721-40c2-be1e-dd2bfc1bf689",
              "parentUUID": "435cd96f-8b2b-44f8-b70a-ce4d258fa658",
              "isHook": false,
              "skipped": false
            },
            {
              "title": "A lista deve possuir 10 itens",
              "fullTitle": "5 - Crie uma lista de lições que ainda deseja aprender para a página A lista deve possuir 10 itens",
              "timedOut": null,
              "duration": 10094,
              "state": "failed",
              "speed": null,
              "pass": false,
              "fail": true,
              "pending": false,
              "context": null,
              "code": "cy.get('ul#licoes_a_aprender').find('li').should('have.length', 10);",
              "err": {
                "message": "AssertionError: Timed out retrying: Expected to find element: `ul#licoes_a_aprender`, but never found it.",
                "estack": "AssertionError: Timed out retrying: Expected to find element: `ul#licoes_a_aprender`, but never found it.\n    at Context.eval (http://localhost:39741/__cypress/tests?p=cypress/integration/project.spec.js:192:8)",
                "diff": null
              },
              "uuid": "9195fafc-1a35-4275-9e63-ee0411f07ca9",
              "parentUUID": "435cd96f-8b2b-44f8-b70a-ce4d258fa658",
              "isHook": false,
              "skipped": false
            }
          ],
          "suites": [],
          "passes": [],
          "failures": [
            "e2032271-b721-40c2-be1e-dd2bfc1bf689",
            "9195fafc-1a35-4275-9e63-ee0411f07ca9"
          ],
          "pending": [],
          "skipped": [],
          "duration": 20236,
          "root": false,
          "rootEmpty": false,
          "_timeout": 2000
        },
        {
          "uuid": "2ba08059-d249-4b20-b0f9-0b2791d414c9",
          "title": "6 - Adicione um rodapé para a página",
          "fullFile": "",
          "file": "",
          "beforeHooks": [],
          "afterHooks": [],
          "tests": [
            {
              "title": "O rodapé deve possuir o ID \"rodape\"",
              "fullTitle": "6 - Adicione um rodapé para a página O rodapé deve possuir o ID \"rodape\"",
              "timedOut": null,
              "duration": 10148,
              "state": "failed",
              "speed": null,
              "pass": false,
              "fail": true,
              "pending": false,
              "context": null,
              "code": "cy.get('footer#rodape').should('exist');",
              "err": {
                "message": "AssertionError: Timed out retrying: Expected to find element: `footer#rodape`, but never found it.",
                "estack": "AssertionError: Timed out retrying: Expected to find element: `footer#rodape`, but never found it.\n    at Context.eval (http://localhost:39741/__cypress/tests?p=cypress/integration/project.spec.js:200:29)",
                "diff": null
              },
              "uuid": "3d8db4ab-3fcf-4686-9973-76d02e60c020",
              "parentUUID": "2ba08059-d249-4b20-b0f9-0b2791d414c9",
              "isHook": false,
              "skipped": false
            }
          ],
          "suites": [],
          "passes": [],
          "failures": [
            "3d8db4ab-3fcf-4686-9973-76d02e60c020"
          ],
          "pending": [],
          "skipped": [],
          "duration": 10148,
          "root": false,
          "rootEmpty": false,
          "_timeout": 2000
        },
        {
          "uuid": "d20b898d-f464-445e-8340-92c2bffa2686",
          "title": "7 - Insira pelo menos um link externo na página",
          "fullFile": "",
          "file": "",
          "beforeHooks": [],
          "afterHooks": [],
          "tests": [
            {
              "title": "A configuração desse link deve ser feita para abrir em uma nova aba do navegador",
              "fullTitle": "7 - Insira pelo menos um link externo na página A configuração desse link deve ser feita para abrir em uma nova aba do navegador",
              "timedOut": null,
              "duration": 10133,
              "state": "failed",
              "speed": null,
              "pass": false,
              "fail": true,
              "pending": false,
              "context": null,
              "code": "cy.get('a').then(function (a) {\n  var actual = Array.from(a).some(function (element) {\n    return element.target === '_blank' && element.href !== '';\n  });\n  expect(actual).to.be[\"true\"];\n});",
              "err": {
                "message": "AssertionError: Timed out retrying: Expected to find element: `a`, but never found it.",
                "estack": "AssertionError: Timed out retrying: Expected to find element: `a`, but never found it.\n    at Context.eval (http://localhost:39741/__cypress/tests?p=cypress/integration/project.spec.js:208:8)",
                "diff": null
              },
              "uuid": "269e3be5-0f46-479e-87bd-58b713d2080f",
              "parentUUID": "d20b898d-f464-445e-8340-92c2bffa2686",
              "isHook": false,
              "skipped": false
            }
          ],
          "suites": [],
          "passes": [],
          "failures": [
            "269e3be5-0f46-479e-87bd-58b713d2080f"
          ],
          "pending": [],
          "skipped": [],
          "duration": 10133,
          "root": false,
          "rootEmpty": false,
          "_timeout": 2000
        },
        {
          "uuid": "4d487554-319d-4d1a-9d41-8350f9644963",
          "title": "8 - Crie um artigo sobre seu aprendizado",
          "fullFile": "",
          "file": "",
          "beforeHooks": [],
          "afterHooks": [],
          "tests": [
            {
              "title": "A `tag` `article` devem ser utilizadas",
              "fullTitle": "8 - Crie um artigo sobre seu aprendizado A `tag` `article` devem ser utilizadas",
              "timedOut": null,
              "duration": 139,
              "state": "passed",
              "speed": "slow",
              "pass": true,
              "fail": false,
              "pending": false,
              "context": null,
              "code": "(0, _ActionBase.shouldExist)('article');",
              "err": {},
              "uuid": "50838fc0-084b-4b00-b17f-bb0ac2c74e15",
              "parentUUID": "4d487554-319d-4d1a-9d41-8350f9644963",
              "isHook": false,
              "skipped": false
            },
            {
              "title": "O artigo deve ter mais de 300 caracteres e menos de 600",
              "fullTitle": "8 - Crie um artigo sobre seu aprendizado O artigo deve ter mais de 300 caracteres e menos de 600",
              "timedOut": null,
              "duration": 132,
              "state": "failed",
              "speed": null,
              "pass": false,
              "fail": true,
              "pending": false,
              "context": null,
              "code": "cy.get('article').invoke('text').then(function (text) {\n  expect(text).to.have.length.of.at.most(600);\n  expect(text).to.have.length.of.at.above(300);\n});",
              "err": {
                "message": "AssertionError: expected '\\n            Lições\\n            \\n                Comandos Shell.\\n                Git e Github.\\n                Como a internet funciona.\\n                Estrutura de página.\\n                Seletores e posicionamento.\\n                Zoom\\n                Semântica HTML.\\n                Arranjos e estrutura de repetição.\\n                Lógica de programação.\\n                Slack\\n            \\n            \\n                JavaScript\\n                \\n                    Objeto e funções\\n                    Desenvolver projeto playground\\n                    DOM\\n                \\n            \\n        ' to have a length at most 600 but got 603",
                "estack": "AssertionError: expected '\\n            Lições\\n            \\n                Comandos Shell.\\n                Git e Github.\\n                Como a internet funciona.\\n                Estrutura de página.\\n                Seletores e posicionamento.\\n                Zoom\\n                Semântica HTML.\\n                Arranjos e estrutura de repetição.\\n                Lógica de programação.\\n                Slack\\n            \\n            \\n                JavaScript\\n                \\n                    Objeto e funções\\n                    Desenvolver projeto playground\\n                    DOM\\n                \\n            \\n        ' to have a length at most 600 but got 603\n    at Context.eval (http://localhost:39741/__cypress/tests?p=cypress/integration/project.spec.js:225:41)",
                "diff": "- 603\n+ 600\n"
              },
              "uuid": "a75e2a97-d389-40b5-9b13-3e9949b0215e",
              "parentUUID": "4d487554-319d-4d1a-9d41-8350f9644963",
              "isHook": false,
              "skipped": false
            }
          ],
          "suites": [],
          "passes": [
            "50838fc0-084b-4b00-b17f-bb0ac2c74e15"
          ],
          "failures": [
            "a75e2a97-d389-40b5-9b13-3e9949b0215e"
          ],
          "pending": [],
          "skipped": [],
          "duration": 271,
          "root": false,
          "rootEmpty": false,
          "_timeout": 2000
        },
        {
          "uuid": "935dfe44-763b-43f4-9eb6-cb8de833eca4",
          "title": "9 - Crie uma seção que conta uma passagem sobre seu aprendizado",
          "fullFile": "",
          "file": "",
          "beforeHooks": [],
          "afterHooks": [],
          "tests": [
            {
              "title": "A `tag` `aside` deve ser utilizada",
              "fullTitle": "9 - Crie uma seção que conta uma passagem sobre seu aprendizado A `tag` `aside` deve ser utilizada",
              "timedOut": null,
              "duration": 10116,
              "state": "failed",
              "speed": null,
              "pass": false,
              "fail": true,
              "pending": false,
              "context": null,
              "code": "(0, _ActionBase.shouldExist)('aside');",
              "err": {
                "message": "AssertionError: Timed out retrying: Expected to find element: `aside`, but never found it.",
                "estack": "AssertionError: Timed out retrying: Expected to find element: `aside`, but never found it.\n    at shouldExist (http://localhost:39741/__cypress/tests?p=cypress/integration/project.spec.js:108:20)\n    at Context.eval (http://localhost:39741/__cypress/tests?p=cypress/integration/project.spec.js:235:33)",
                "diff": null
              },
              "uuid": "bb845be0-d844-4cf7-8163-c636b7d806ff",
              "parentUUID": "935dfe44-763b-43f4-9eb6-cb8de833eca4",
              "isHook": false,
              "skipped": false
            },
            {
              "title": "A seção deve ter mais que 100 caracteres e menos que 300",
              "fullTitle": "9 - Crie uma seção que conta uma passagem sobre seu aprendizado A seção deve ter mais que 100 caracteres e menos que 300",
              "timedOut": null,
              "duration": 10121,
              "state": "failed",
              "speed": null,
              "pass": false,
              "fail": true,
              "pending": false,
              "context": null,
              "code": "cy.get('aside').invoke('text').then(function (text) {\n  expect(text).to.have.length.of.at.above(100);\n  expect(text).to.have.length.of.at.most(300);\n});",
              "err": {
                "message": "AssertionError: Timed out retrying: Expected to find element: `aside`, but never found it.",
                "estack": "AssertionError: Timed out retrying: Expected to find element: `aside`, but never found it.\n    at Context.eval (http://localhost:39741/__cypress/tests?p=cypress/integration/project.spec.js:238:8)",
                "diff": null
              },
              "uuid": "be342d6f-0aa3-4cb4-a03f-7f7c14e2bd62",
              "parentUUID": "935dfe44-763b-43f4-9eb6-cb8de833eca4",
              "isHook": false,
              "skipped": false
            }
          ],
          "suites": [],
          "passes": [],
          "failures": [
            "bb845be0-d844-4cf7-8163-c636b7d806ff",
            "be342d6f-0aa3-4cb4-a03f-7f7c14e2bd62"
          ],
          "pending": [],
          "skipped": [],
          "duration": 20237,
          "root": false,
          "rootEmpty": false,
          "_timeout": 2000
        },
        {
          "uuid": "6c4d177b-0a2b-4a69-b04c-3e308deebbf6",
          "title": "10 - Aplique elementos HTML de acordo com o sentido e propósito de cada um deles",
          "fullFile": "",
          "file": "",
          "beforeHooks": [],
          "afterHooks": [],
          "tests": [
            {
              "title": "Validar se a página possui um elemento \"article\"",
              "fullTitle": "10 - Aplique elementos HTML de acordo com o sentido e propósito de cada um deles Validar se a página possui um elemento \"article\"",
              "timedOut": null,
              "duration": 164,
              "state": "passed",
              "speed": "slow",
              "pass": true,
              "fail": false,
              "pending": false,
              "context": null,
              "code": "(0, _ActionBase.shouldExist)('article');",
              "err": {},
              "uuid": "ad847c89-17df-42ab-8093-fffa913d881f",
              "parentUUID": "6c4d177b-0a2b-4a69-b04c-3e308deebbf6",
              "isHook": false,
              "skipped": false
            },
            {
              "title": "Validar se a página possui um elemento \"header\"",
              "fullTitle": "10 - Aplique elementos HTML de acordo com o sentido e propósito de cada um deles Validar se a página possui um elemento \"header\"",
              "timedOut": null,
              "duration": 129,
              "state": "passed",
              "speed": "slow",
              "pass": true,
              "fail": false,
              "pending": false,
              "context": null,
              "code": "(0, _ActionBase.shouldExist)('header');",
              "err": {},
              "uuid": "1166fc51-04c0-4328-85b6-69043040c9f9",
              "parentUUID": "6c4d177b-0a2b-4a69-b04c-3e308deebbf6",
              "isHook": false,
              "skipped": false
            },
            {
              "title": "Validar se a página possui um elemento \"nav\"",
              "fullTitle": "10 - Aplique elementos HTML de acordo com o sentido e propósito de cada um deles Validar se a página possui um elemento \"nav\"",
              "timedOut": null,
              "duration": 10108,
              "state": "failed",
              "speed": null,
              "pass": false,
              "fail": true,
              "pending": false,
              "context": null,
              "code": "(0, _ActionBase.shouldExist)('nav');",
              "err": {
                "message": "AssertionError: Timed out retrying: Expected to find element: `nav`, but never found it.",
                "estack": "AssertionError: Timed out retrying: Expected to find element: `nav`, but never found it.\n    at shouldExist (http://localhost:39741/__cypress/tests?p=cypress/integration/project.spec.js:108:20)\n    at Context.eval (http://localhost:39741/__cypress/tests?p=cypress/integration/project.spec.js:255:33)",
                "diff": null
              },
              "uuid": "9f1cfc59-db92-41fc-98e0-9924694f5158",
              "parentUUID": "6c4d177b-0a2b-4a69-b04c-3e308deebbf6",
              "isHook": false,
              "skipped": false
            },
            {
              "title": "Validar se a página possui um elemento \"section\"",
              "fullTitle": "10 - Aplique elementos HTML de acordo com o sentido e propósito de cada um deles Validar se a página possui um elemento \"section\"",
              "timedOut": null,
              "duration": 115,
              "state": "passed",
              "speed": "slow",
              "pass": true,
              "fail": false,
              "pending": false,
              "context": null,
              "code": "(0, _ActionBase.shouldExist)('section');",
              "err": {},
              "uuid": "95628fe6-0d21-47ee-aca5-7f3fec2e7d5c",
              "parentUUID": "6c4d177b-0a2b-4a69-b04c-3e308deebbf6",
              "isHook": false,
              "skipped": false
            },
            {
              "title": "Validar se a página possui um elemento \"aside\"",
              "fullTitle": "10 - Aplique elementos HTML de acordo com o sentido e propósito de cada um deles Validar se a página possui um elemento \"aside\"",
              "timedOut": null,
              "duration": 10108,
              "state": "failed",
              "speed": null,
              "pass": false,
              "fail": true,
              "pending": false,
              "context": null,
              "code": "(0, _ActionBase.shouldExist)('aside');",
              "err": {
                "message": "AssertionError: Timed out retrying: Expected to find element: `aside`, but never found it.",
                "estack": "AssertionError: Timed out retrying: Expected to find element: `aside`, but never found it.\n    at shouldExist (http://localhost:39741/__cypress/tests?p=cypress/integration/project.spec.js:108:20)\n    at Context.eval (http://localhost:39741/__cypress/tests?p=cypress/integration/project.spec.js:261:33)",
                "diff": null
              },
              "uuid": "04c40482-2bb8-4914-b128-6099c9946c41",
              "parentUUID": "6c4d177b-0a2b-4a69-b04c-3e308deebbf6",
              "isHook": false,
              "skipped": false
            },
            {
              "title": "Validar se a página possui um elemento \"footer\"",
              "fullTitle": "10 - Aplique elementos HTML de acordo com o sentido e propósito de cada um deles Validar se a página possui um elemento \"footer\"",
              "timedOut": null,
              "duration": 10124,
              "state": "failed",
              "speed": null,
              "pass": false,
              "fail": true,
              "pending": false,
              "context": null,
              "code": "(0, _ActionBase.shouldExist)('footer');",
              "err": {
                "message": "AssertionError: Timed out retrying: Expected to find element: `footer`, but never found it.",
                "estack": "AssertionError: Timed out retrying: Expected to find element: `footer`, but never found it.\n    at shouldExist (http://localhost:39741/__cypress/tests?p=cypress/integration/project.spec.js:108:20)\n    at Context.eval (http://localhost:39741/__cypress/tests?p=cypress/integration/project.spec.js:264:33)",
                "diff": null
              },
              "uuid": "28ba176c-4032-4a23-920d-4a0de7866dad",
              "parentUUID": "6c4d177b-0a2b-4a69-b04c-3e308deebbf6",
              "isHook": false,
              "skipped": false
            }
          ],
          "suites": [],
          "passes": [
            "ad847c89-17df-42ab-8093-fffa913d881f",
            "1166fc51-04c0-4328-85b6-69043040c9f9",
            "95628fe6-0d21-47ee-aca5-7f3fec2e7d5c"
          ],
          "failures": [
            "9f1cfc59-db92-41fc-98e0-9924694f5158",
            "04c40482-2bb8-4914-b128-6099c9946c41",
            "28ba176c-4032-4a23-920d-4a0de7866dad"
          ],
          "pending": [],
          "skipped": [],
          "duration": 30748,
          "root": false,
          "rootEmpty": false,
          "_timeout": 2000
        },
        {
          "uuid": "9b05ff6f-4ce9-47c4-8783-0d491dba52e7",
          "title": "11 - Teste a semântica da sua página está aprovada pelo site CodeSniffer",
          "fullFile": "",
          "file": "",
          "beforeHooks": [],
          "afterHooks": [],
          "tests": [
            {
              "title": "Seu site deve passar sem problemas na verificação de semântica do site CodeSniffer",
              "fullTitle": "11 - Teste a semântica da sua página está aprovada pelo site CodeSniffer Seu site deve passar sem problemas na verificação de semântica do site CodeSniffer",
              "timedOut": null,
              "duration": 1596,
              "state": "passed",
              "speed": "slow",
              "pass": true,
              "fail": false,
              "pending": false,
              "context": null,
              "code": "cy.readFile('./index.html').then(function (content) {\n  cy.visit('http://squizlabs.github.io/HTML_CodeSniffer/');\n  cy.get('#runHTMLCS').click();\n  cy.get('#source').invoke('val', content).trigger('input');\n  cy.get('#run-button').click();\n  cy.get('.result-count-errors').contains(/^0$/);\n});",
              "err": {},
              "uuid": "f56514b6-3df5-4587-bffa-ad13bdb43b1a",
              "parentUUID": "9b05ff6f-4ce9-47c4-8783-0d491dba52e7",
              "isHook": false,
              "skipped": false
            }
          ],
          "suites": [],
          "passes": [
            "f56514b6-3df5-4587-bffa-ad13bdb43b1a"
          ],
          "failures": [],
          "pending": [],
          "skipped": [],
          "duration": 1596,
          "root": false,
          "rootEmpty": false,
          "_timeout": 2000
        }
      ],
      "passes": [],
      "failures": [],
      "pending": [],
      "skipped": [],
      "duration": 0,
      "root": true,
      "rootEmpty": true,
      "_timeout": 2000
    }
  ],
  "meta": {
    "mocha": {
      "version": "7.0.1"
    },
    "mochawesome": {
      "options": {
        "quiet": false,
        "reportFilename": "mochawesome",
        "saveHtml": false,
        "saveJson": true,
        "consoleReporter": "spec",
        "useInlineDiffs": false
      },
      "version": "4.1.0"
    },
    "marge": {
      "options": {
        "id": "default",
        "reportDir": "cypress/reports",
        "overwrite": false,
        "html": false,
        "json": true
      },
      "version": "4.1.0"
    }
  }
}